C:\USERS\CONSTANTINE-PC\DOCUMENTS\VISUAL STUDIO 2012\PROJECTS\STRING_ANALYZER\STRING_ANALYZER\DEBUG\STRING_ANALYZER.PCH
C:\USERS\CONSTANTINE-PC\DOCUMENTS\VISUAL STUDIO 2012\PROJECTS\STRING_ANALYZER\STRING_ANALYZER\DEBUG\STDAFX.OBJ
C:\USERS\CONSTANTINE-PC\DOCUMENTS\VISUAL STUDIO 2012\PROJECTS\STRING_ANALYZER\STRING_ANALYZER\DEBUG\VC110.PDB
C:\USERS\CONSTANTINE-PC\DOCUMENTS\VISUAL STUDIO 2012\PROJECTS\STRING_ANALYZER\STRING_ANALYZER\DEBUG\STATEMACHINE.OBJ
C:\USERS\CONSTANTINE-PC\DOCUMENTS\VISUAL STUDIO 2012\PROJECTS\STRING_ANALYZER\STRING_ANALYZER\DEBUG\STRING_ANALYZER.OBJ
C:\USERS\CONSTANTINE-PC\DOCUMENTS\VISUAL STUDIO 2012\PROJECTS\STRING_ANALYZER\DEBUG\STRING_ANALYZER.ILK
C:\USERS\CONSTANTINE-PC\DOCUMENTS\VISUAL STUDIO 2012\PROJECTS\STRING_ANALYZER\DEBUG\STRING_ANALYZER.EXE
C:\USERS\CONSTANTINE-PC\DOCUMENTS\VISUAL STUDIO 2012\PROJECTS\STRING_ANALYZER\DEBUG\STRING_ANALYZER.PDB
C:\Users\Constantine-pc\documents\visual studio 2012\Projects\string_analyzer\string_analyzer\Debug\stdafx.obj
C:\Users\Constantine-pc\documents\visual studio 2012\Projects\string_analyzer\string_analyzer\Debug\string_analyzer.obj
C:\Users\Constantine-pc\documents\visual studio 2012\Projects\string_analyzer\string_analyzer\Debug\cl.command.1.tlog
C:\Users\Constantine-pc\documents\visual studio 2012\Projects\string_analyzer\string_analyzer\Debug\CL.read.1.tlog
C:\Users\Constantine-pc\documents\visual studio 2012\Projects\string_analyzer\string_analyzer\Debug\CL.write.1.tlog
C:\Users\Constantine-pc\documents\visual studio 2012\Projects\string_analyzer\string_analyzer\Debug\link-cvtres.read.1.tlog
C:\Users\Constantine-pc\documents\visual studio 2012\Projects\string_analyzer\string_analyzer\Debug\link-cvtres.write.1.tlog
C:\Users\Constantine-pc\documents\visual studio 2012\Projects\string_analyzer\string_analyzer\Debug\link-rc.read.1.tlog
C:\Users\Constantine-pc\documents\visual studio 2012\Projects\string_analyzer\string_analyzer\Debug\link-rc.write.1.tlog
C:\Users\Constantine-pc\documents\visual studio 2012\Projects\string_analyzer\string_analyzer\Debug\link.1760-cvtres.read.1.tlog
C:\Users\Constantine-pc\documents\visual studio 2012\Projects\string_analyzer\string_analyzer\Debug\link.1760-cvtres.write.1.tlog
C:\Users\Constantine-pc\documents\visual studio 2012\Projects\string_analyzer\string_analyzer\Debug\link.1760-rc.read.1.tlog
C:\Users\Constantine-pc\documents\visual studio 2012\Projects\string_analyzer\string_analyzer\Debug\link.1760-rc.write.1.tlog
C:\Users\Constantine-pc\documents\visual studio 2012\Projects\string_analyzer\string_analyzer\Debug\link.1760.read.1.tlog
C:\Users\Constantine-pc\documents\visual studio 2012\Projects\string_analyzer\string_analyzer\Debug\link.1760.write.1.tlog
C:\Users\Constantine-pc\documents\visual studio 2012\Projects\string_analyzer\string_analyzer\Debug\link.2700-cvtres.read.1.tlog
C:\Users\Constantine-pc\documents\visual studio 2012\Projects\string_analyzer\string_analyzer\Debug\link.2700-cvtres.write.1.tlog
C:\Users\Constantine-pc\documents\visual studio 2012\Projects\string_analyzer\string_analyzer\Debug\link.2700-rc.read.1.tlog
C:\Users\Constantine-pc\documents\visual studio 2012\Projects\string_analyzer\string_analyzer\Debug\link.2700-rc.write.1.tlog
C:\Users\Constantine-pc\documents\visual studio 2012\Projects\string_analyzer\string_analyzer\Debug\link.2700.read.1.tlog
C:\Users\Constantine-pc\documents\visual studio 2012\Projects\string_analyzer\string_analyzer\Debug\link.2700.write.1.tlog
C:\Users\Constantine-pc\documents\visual studio 2012\Projects\string_analyzer\string_analyzer\Debug\link.3016-cvtres.read.1.tlog
C:\Users\Constantine-pc\documents\visual studio 2012\Projects\string_analyzer\string_analyzer\Debug\link.3016-cvtres.write.1.tlog
C:\Users\Constantine-pc\documents\visual studio 2012\Projects\string_analyzer\string_analyzer\Debug\link.3016-rc.read.1.tlog
C:\Users\Constantine-pc\documents\visual studio 2012\Projects\string_analyzer\string_analyzer\Debug\link.3016-rc.write.1.tlog
C:\Users\Constantine-pc\documents\visual studio 2012\Projects\string_analyzer\string_analyzer\Debug\link.3016.read.1.tlog
C:\Users\Constantine-pc\documents\visual studio 2012\Projects\string_analyzer\string_analyzer\Debug\link.3016.write.1.tlog
C:\Users\Constantine-pc\documents\visual studio 2012\Projects\string_analyzer\string_analyzer\Debug\link.3592-cvtres.read.1.tlog
C:\Users\Constantine-pc\documents\visual studio 2012\Projects\string_analyzer\string_analyzer\Debug\link.3592-cvtres.write.1.tlog
C:\Users\Constantine-pc\documents\visual studio 2012\Projects\string_analyzer\string_analyzer\Debug\link.3592-rc.read.1.tlog
C:\Users\Constantine-pc\documents\visual studio 2012\Projects\string_analyzer\string_analyzer\Debug\link.3592-rc.write.1.tlog
C:\Users\Constantine-pc\documents\visual studio 2012\Projects\string_analyzer\string_analyzer\Debug\link.3592.read.1.tlog
C:\Users\Constantine-pc\documents\visual studio 2012\Projects\string_analyzer\string_analyzer\Debug\link.3592.write.1.tlog
C:\Users\Constantine-pc\documents\visual studio 2012\Projects\string_analyzer\string_analyzer\Debug\link.6744-cvtres.read.1.tlog
C:\Users\Constantine-pc\documents\visual studio 2012\Projects\string_analyzer\string_analyzer\Debug\link.6744-cvtres.write.1.tlog
C:\Users\Constantine-pc\documents\visual studio 2012\Projects\string_analyzer\string_analyzer\Debug\link.6744-rc.read.1.tlog
C:\Users\Constantine-pc\documents\visual studio 2012\Projects\string_analyzer\string_analyzer\Debug\link.6744-rc.write.1.tlog
C:\Users\Constantine-pc\documents\visual studio 2012\Projects\string_analyzer\string_analyzer\Debug\link.6744.read.1.tlog
C:\Users\Constantine-pc\documents\visual studio 2012\Projects\string_analyzer\string_analyzer\Debug\link.6744.write.1.tlog
C:\Users\Constantine-pc\documents\visual studio 2012\Projects\string_analyzer\string_analyzer\Debug\link.command.1.tlog
C:\Users\Constantine-pc\documents\visual studio 2012\Projects\string_analyzer\string_analyzer\Debug\link.read.1.tlog
C:\Users\Constantine-pc\documents\visual studio 2012\Projects\string_analyzer\string_analyzer\Debug\link.write.1.tlog
C:\Users\Constantine-pc\documents\visual studio 2012\Projects\string_analyzer\string_analyzer\Debug\string_analyzer.pch
C:\Users\Constantine-pc\documents\visual studio 2012\Projects\string_analyzer\string_analyzer\Debug\vc110.idb
C:\Users\Constantine-pc\documents\visual studio 2012\Projects\string_analyzer\string_analyzer\Debug\vc110.pdb
C:\Users\Constantine-pc\documents\visual studio 2012\Projects\string_analyzer\Debug\string_analyzer.pdb
C:\Users\Constantine-pc\documents\visual studio 2012\Projects\string_analyzer\Debug\string_analyzer.exe
C:\Users\Constantine-pc\documents\visual studio 2012\Projects\string_analyzer\Debug\string_analyzer.ilk
